<?xml version="1.0" encoding="UTF-8"?>
<!-- Generated by org.testng.reporters.JUnitReportReporter -->
<testsuite hostname="Dell" failures="0" tests="1" name="tests.Login" time="83.155" errors="0" timestamp="23 Oct 2022 15:42:50 GMT" skipped="0">
  <testcase classname="tests.Login" name="login" time="83.155"/>
</testsuite> <!-- tests.Login -->
