<?xml version="1.0" encoding="UTF-8"?>
<!-- Generated by org.testng.reporters.JUnitReportReporter -->
<testsuite hostname="Dell" failures="0" tests="1" name="tests.Login" time="16.997" errors="0" timestamp="21 Oct 2022 16:20:20 GMT" skipped="0">
  <testcase classname="tests.Login" name="login" time="16.997"/>
</testsuite> <!-- tests.Login -->
