<?xml version="1.0" encoding="UTF-8"?>
<!-- Generated by org.testng.reporters.JUnitReportReporter -->
<testsuite hostname="Dell" failures="0" tests="2" name="tests.SubmitOrderTest" time="46.873" errors="0" timestamp="19 Oct 2022 17:24:10 GMT" skipped="0">
  <testcase classname="tests.SubmitOrderTest" name="submitOrder" time="30.885"/>
  <testcase classname="tests.SubmitOrderTest" name="submitOrder" time="15.988"/>
</testsuite> <!-- tests.SubmitOrderTest -->
